{"contracts/SimpleStorage.sol":{"l":{"18":1,"19":1,"23":3,"27":1,"28":1},"path":"/home/houmch/learning/blockchain-playground/HardHat/hardHatSimpleStorage/contracts/SimpleStorage.sol","s":{"1":1,"2":3,"3":1},"b":{},"f":{"1":1,"2":3,"3":1},"fnMap":{"1":{"name":"storeFav","line":17,"loc":{"start":{"line":17,"column":4},"end":{"line":20,"column":4}}},"2":{"name":"retrieve","line":22,"loc":{"start":{"line":22,"column":4},"end":{"line":24,"column":4}}},"3":{"name":"addPerson","line":26,"loc":{"start":{"line":26,"column":4},"end":{"line":29,"column":4}}}},"statementMap":{"1":{"start":{"line":19,"column":8},"end":{"line":19,"column":17}},"2":{"start":{"line":23,"column":8},"end":{"line":23,"column":24}},"3":{"start":{"line":27,"column":8},"end":{"line":27,"column":45}}},"branchMap":{}}}